{"/home/claude/calculator-app/frontend/src/api/calculatorClient.ts": {"path":"/home/claude/calculator-app/frontend/src/api/calculatorClient.ts","statementMap":{"0":{"start":{"line":12,"column":21},"end":{"line":12,"column":null}},"1":{"start":{"line":23,"column":2},"end":{"line":33,"column":null}},"2":{"start":{"line":24,"column":4},"end":{"line":28,"column":null}},"3":{"start":{"line":30,"column":4},"end":{"line":32,"column":null}},"4":{"start":{"line":36,"column":2},"end":{"line":43,"column":null}},"5":{"start":{"line":37,"column":4},"end":{"line":37,"column":null}},"6":{"start":{"line":39,"column":4},"end":{"line":42,"column":null}},"7":{"start":{"line":45,"column":2},"end":{"line":50,"column":null}},"8":{"start":{"line":47,"column":7},"end":{"line":48,"column":null}},"9":{"start":{"line":49,"column":4},"end":{"line":49,"column":null}},"10":{"start":{"line":52,"column":2},"end":{"line":52,"column":null}}},"fnMap":{"0":{"name":"calculate","decl":{"start":{"line":19,"column":22},"end":{"line":19,"column":null}},"loc":{"start":{"line":21,"column":30},"end":{"line":53,"column":null}},"line":21}},"branchMap":{"0":{"loc":{"start":{"line":45,"column":2},"end":{"line":50,"column":null}},"type":"if","locations":[{"start":{"line":45,"column":2},"end":{"line":50,"column":null}},{"start":{},"end":{}}],"line":45},"1":{"loc":{"start":{"line":47,"column":7},"end":{"line":48,"column":null}},"type":"binary-expr","locations":[{"start":{"line":47,"column":7},"end":{"line":47,"column":null}},{"start":{"line":48,"column":6},"end":{"line":48,"column":null}}],"line":47}},"s":{"0":1,"1":4,"2":4,"3":1,"4":3,"5":3,"6":1,"7":2,"8":1,"9":1,"10":1},"f":{"0":4},"b":{"0":[1,1],"1":[1,0]},"meta":{"lastBranch":2,"lastFunction":1,"lastStatement":11,"seen":{"s:12:21:12:Infinity":0,"f:19:22:19:Infinity":0,"s:23:2:33:Infinity":1,"s:24:4:28:Infinity":2,"s:30:4:32:Infinity":3,"s:36:2:43:Infinity":4,"s:37:4:37:Infinity":5,"s:39:4:42:Infinity":6,"b:45:2:50:Infinity:undefined:undefined:undefined:undefined":0,"s:45:2:50:Infinity":7,"s:47:7:48:Infinity":8,"b:47:7:47:Infinity:48:6:48:Infinity":1,"s:49:4:49:Infinity":9,"s:52:2:52:Infinity":10},"fnNames":{}}}
,"/home/claude/calculator-app/frontend/src/api/types.ts": {"path":"/home/claude/calculator-app/frontend/src/api/types.ts","statementMap":{"0":{"start":{"line":32,"column":4},"end":{"line":32,"column":null}},"1":{"start":{"line":33,"column":4},"end":{"line":33,"column":null}},"2":{"start":{"line":34,"column":4},"end":{"line":34,"column":null}},"3":{"start":{"line":40,"column":56},"end":{"line":40,"column":null}}},"fnMap":{"0":{"name":"constructor","decl":{"start":{"line":31,"column":2},"end":{"line":31,"column":14}},"loc":{"start":{"line":31,"column":48},"end":{"line":35,"column":null}},"line":31}},"branchMap":{},"s":{"0":5,"1":5,"2":5,"3":3},"f":{"0":5},"b":{},"meta":{"lastBranch":0,"lastFunction":1,"lastStatement":4,"seen":{"f:31:2:31:14":0,"s:32:4:32:Infinity":0,"s:33:4:33:Infinity":1,"s:34:4:34:Infinity":2,"s:40:56:40:Infinity":3},"fnNames":{}}}
,"/home/claude/calculator-app/frontend/src/components/CalcButton.css": {"path":"/home/claude/calculator-app/frontend/src/components/CalcButton.css","statementMap":{},"fnMap":{},"branchMap":{},"s":{},"f":{},"b":{},"meta":{"lastBranch":0,"lastFunction":0,"lastStatement":0,"seen":{},"fnNames":{}}}
,"/home/claude/calculator-app/frontend/src/components/CalcButton.tsx": {"path":"/home/claude/calculator-app/frontend/src/components/CalcButton.tsx","statementMap":{"0":{"start":{"line":21,"column":18},"end":{"line":23,"column":null}},"1":{"start":{"line":25,"column":2},"end":{"line":28,"column":null}}},"fnMap":{"0":{"name":"CalcButton","decl":{"start":{"line":14,"column":16},"end":{"line":14,"column":27}},"loc":{"start":{"line":20,"column":20},"end":{"line":30,"column":null}},"line":20}},"branchMap":{"0":{"loc":{"start":{"line":16,"column":2},"end":{"line":16,"column":null}},"type":"default-arg","locations":[{"start":{"line":16,"column":12},"end":{"line":16,"column":null}}],"line":16},"1":{"loc":{"start":{"line":17,"column":2},"end":{"line":17,"column":null}},"type":"default-arg","locations":[{"start":{"line":17,"column":9},"end":{"line":17,"column":null}}],"line":17},"2":{"loc":{"start":{"line":21,"column":61},"end":{"line":21,"column":94}},"type":"cond-expr","locations":[{"start":{"line":21,"column":68},"end":{"line":21,"column":90}},{"start":{"line":21,"column":90},"end":{"line":21,"column":94}}],"line":21}},"s":{"0":352,"1":352},"f":{"0":352},"b":{"0":[352],"1":[352],"2":[32,320]},"meta":{"lastBranch":3,"lastFunction":1,"lastStatement":2,"seen":{"f:14:16:14:27":0,"b:16:12:16:Infinity":0,"b:17:9:17:Infinity":1,"s:21:18:23:Infinity":0,"b:21:68:21:90:21:90:21:94":2,"s:25:2:28:Infinity":1},"fnNames":{}}}
,"/home/claude/calculator-app/frontend/src/components/Calculator.css": {"path":"/home/claude/calculator-app/frontend/src/components/Calculator.css","statementMap":{},"fnMap":{},"branchMap":{},"s":{},"f":{},"b":{},"meta":{"lastBranch":0,"lastFunction":0,"lastStatement":0,"seen":{},"fnNames":{}}}
,"/home/claude/calculator-app/frontend/src/components/Calculator.tsx": {"path":"/home/claude/calculator-app/frontend/src/components/Calculator.tsx","statementMap":{"0":{"start":{"line":18,"column":6},"end":{"line":18,"column":20}},"1":{"start":{"line":20,"column":24},"end":{"line":20,"column":null}},"2":{"start":{"line":22,"column":2},"end":{"line":110,"column":null}},"3":{"start":{"line":42,"column":54},"end":{"line":42,"column":79}},"4":{"start":{"line":46,"column":35},"end":{"line":46,"column":52}},"5":{"start":{"line":49,"column":35},"end":{"line":49,"column":52}},"6":{"start":{"line":52,"column":35},"end":{"line":52,"column":52}},"7":{"start":{"line":55,"column":54},"end":{"line":55,"column":81}},"8":{"start":{"line":59,"column":35},"end":{"line":59,"column":52}},"9":{"start":{"line":62,"column":35},"end":{"line":62,"column":52}},"10":{"start":{"line":65,"column":35},"end":{"line":65,"column":52}},"11":{"start":{"line":68,"column":54},"end":{"line":68,"column":81}},"12":{"start":{"line":72,"column":35},"end":{"line":72,"column":52}},"13":{"start":{"line":75,"column":35},"end":{"line":75,"column":52}},"14":{"start":{"line":78,"column":35},"end":{"line":78,"column":52}},"15":{"start":{"line":81,"column":54},"end":{"line":81,"column":76}},"16":{"start":{"line":85,"column":54},"end":{"line":85,"column":78}},"17":{"start":{"line":88,"column":35},"end":{"line":88,"column":52}},"18":{"start":{"line":94,"column":54},"end":{"line":94,"column":80}}},"fnMap":{"0":{"name":"Calculator","decl":{"start":{"line":7,"column":16},"end":{"line":7,"column":29}},"loc":{"start":{"line":7,"column":29},"end":{"line":112,"column":null}},"line":7},"1":{"name":"(anonymous_1)","decl":{"start":{"line":42,"column":39},"end":{"line":42,"column":54}},"loc":{"start":{"line":42,"column":54},"end":{"line":42,"column":79}},"line":42},"2":{"name":"(anonymous_2)","decl":{"start":{"line":46,"column":20},"end":{"line":46,"column":35}},"loc":{"start":{"line":46,"column":35},"end":{"line":46,"column":52}},"line":46},"3":{"name":"(anonymous_3)","decl":{"start":{"line":49,"column":20},"end":{"line":49,"column":35}},"loc":{"start":{"line":49,"column":35},"end":{"line":49,"column":52}},"line":49},"4":{"name":"(anonymous_4)","decl":{"start":{"line":52,"column":20},"end":{"line":52,"column":35}},"loc":{"start":{"line":52,"column":35},"end":{"line":52,"column":52}},"line":52},"5":{"name":"(anonymous_5)","decl":{"start":{"line":55,"column":39},"end":{"line":55,"column":54}},"loc":{"start":{"line":55,"column":54},"end":{"line":55,"column":81}},"line":55},"6":{"name":"(anonymous_6)","decl":{"start":{"line":59,"column":20},"end":{"line":59,"column":35}},"loc":{"start":{"line":59,"column":35},"end":{"line":59,"column":52}},"line":59},"7":{"name":"(anonymous_7)","decl":{"start":{"line":62,"column":20},"end":{"line":62,"column":35}},"loc":{"start":{"line":62,"column":35},"end":{"line":62,"column":52}},"line":62},"8":{"name":"(anonymous_8)","decl":{"start":{"line":65,"column":20},"end":{"line":65,"column":35}},"loc":{"start":{"line":65,"column":35},"end":{"line":65,"column":52}},"line":65},"9":{"name":"(anonymous_9)","decl":{"start":{"line":68,"column":39},"end":{"line":68,"column":54}},"loc":{"start":{"line":68,"column":54},"end":{"line":68,"column":81}},"line":68},"10":{"name":"(anonymous_10)","decl":{"start":{"line":72,"column":20},"end":{"line":72,"column":35}},"loc":{"start":{"line":72,"column":35},"end":{"line":72,"column":52}},"line":72},"11":{"name":"(anonymous_11)","decl":{"start":{"line":75,"column":20},"end":{"line":75,"column":35}},"loc":{"start":{"line":75,"column":35},"end":{"line":75,"column":52}},"line":75},"12":{"name":"(anonymous_12)","decl":{"start":{"line":78,"column":20},"end":{"line":78,"column":35}},"loc":{"start":{"line":78,"column":35},"end":{"line":78,"column":52}},"line":78},"13":{"name":"(anonymous_13)","decl":{"start":{"line":81,"column":39},"end":{"line":81,"column":54}},"loc":{"start":{"line":81,"column":54},"end":{"line":81,"column":76}},"line":81},"14":{"name":"(anonymous_14)","decl":{"start":{"line":85,"column":39},"end":{"line":85,"column":54}},"loc":{"start":{"line":85,"column":54},"end":{"line":85,"column":78}},"line":85},"15":{"name":"(anonymous_15)","decl":{"start":{"line":88,"column":20},"end":{"line":88,"column":35}},"loc":{"start":{"line":88,"column":35},"end":{"line":88,"column":52}},"line":88},"16":{"name":"(anonymous_16)","decl":{"start":{"line":94,"column":39},"end":{"line":94,"column":54}},"loc":{"start":{"line":94,"column":54},"end":{"line":94,"column":80}},"line":94}},"branchMap":{},"s":{"0":16,"1":16,"2":16,"3":1,"4":1,"5":0,"6":1,"7":1,"8":0,"9":1,"10":1,"11":0,"12":0,"13":0,"14":0,"15":0,"16":0,"17":1,"18":0},"f":{"0":16,"1":1,"2":1,"3":0,"4":1,"5":1,"6":0,"7":1,"8":1,"9":0,"10":0,"11":0,"12":0,"13":0,"14":0,"15":1,"16":0},"b":{},"meta":{"lastBranch":0,"lastFunction":17,"lastStatement":19,"seen":{"f:7:16:7:29":0,"s:18:6:18:20":0,"s:20:24:20:Infinity":1,"s:22:2:110:Infinity":2,"f:42:39:42:54":1,"s:42:54:42:79":3,"f:46:20:46:35":2,"s:46:35:46:52":4,"f:49:20:49:35":3,"s:49:35:49:52":5,"f:52:20:52:35":4,"s:52:35:52:52":6,"f:55:39:55:54":5,"s:55:54:55:81":7,"f:59:20:59:35":6,"s:59:35:59:52":8,"f:62:20:62:35":7,"s:62:35:62:52":9,"f:65:20:65:35":8,"s:65:35:65:52":10,"f:68:39:68:54":9,"s:68:54:68:81":11,"f:72:20:72:35":10,"s:72:35:72:52":12,"f:75:20:75:35":11,"s:75:35:75:52":13,"f:78:20:78:35":12,"s:78:35:78:52":14,"f:81:39:81:54":13,"s:81:54:81:76":15,"f:85:39:85:54":14,"s:85:54:85:78":16,"f:88:20:88:35":15,"s:88:35:88:52":17,"f:94:39:94:54":16,"s:94:54:94:80":18},"fnNames":{}}}
,"/home/claude/calculator-app/frontend/src/components/Display.css": {"path":"/home/claude/calculator-app/frontend/src/components/Display.css","statementMap":{},"fnMap":{},"branchMap":{},"s":{},"f":{},"b":{},"meta":{"lastBranch":0,"lastFunction":0,"lastStatement":0,"seen":{},"fnNames":{}}}
,"/home/claude/calculator-app/frontend/src/components/Display.tsx": {"path":"/home/claude/calculator-app/frontend/src/components/Display.tsx","statementMap":{"0":{"start":{"line":15,"column":4},"end":{"line":17,"column":null}},"1":{"start":{"line":19,"column":2},"end":{"line":25,"column":null}}},"fnMap":{"0":{"name":"Display","decl":{"start":{"line":13,"column":16},"end":{"line":13,"column":24}},"loc":{"start":{"line":13,"column":99},"end":{"line":27,"column":null}},"line":13}},"branchMap":{"0":{"loc":{"start":{"line":15,"column":4},"end":{"line":17,"column":null}},"type":"cond-expr","locations":[{"start":{"line":16,"column":8},"end":{"line":16,"column":null}},{"start":{"line":17,"column":8},"end":{"line":17,"column":null}}],"line":15},"1":{"loc":{"start":{"line":15,"column":4},"end":{"line":15,"column":null}},"type":"binary-expr","locations":[{"start":{"line":15,"column":4},"end":{"line":15,"column":24}},{"start":{"line":15,"column":24},"end":{"line":15,"column":null}}],"line":15},"2":{"loc":{"start":{"line":21,"column":41},"end":{"line":21,"column":76}},"type":"cond-expr","locations":[{"start":{"line":21,"column":49},"end":{"line":21,"column":59}},{"start":{"line":21,"column":59},"end":{"line":21,"column":76}}],"line":21},"3":{"loc":{"start":{"line":22,"column":40},"end":{"line":22,"column":null}},"type":"cond-expr","locations":[{"start":{"line":22,"column":48},"end":{"line":22,"column":74}},{"start":{"line":22,"column":74},"end":{"line":22,"column":null}}],"line":22},"4":{"loc":{"start":{"line":23,"column":9},"end":{"line":23,"column":null}},"type":"cond-expr","locations":[{"start":{"line":23,"column":21},"end":{"line":23,"column":32}},{"start":{"line":23,"column":32},"end":{"line":23,"column":null}}],"line":23},"5":{"loc":{"start":{"line":23,"column":32},"end":{"line":23,"column":null}},"type":"cond-expr","locations":[{"start":{"line":23,"column":40},"end":{"line":23,"column":48}},{"start":{"line":23,"column":48},"end":{"line":23,"column":null}}],"line":23}},"s":{"0":16,"1":16},"f":{"0":16},"b":{"0":[6,10],"1":[16,6],"2":[1,15],"3":[1,15],"4":[2,14],"5":[1,13]},"meta":{"lastBranch":6,"lastFunction":1,"lastStatement":2,"seen":{"f:13:16:13:24":0,"s:15:4:17:Infinity":0,"b:16:8:16:Infinity:17:8:17:Infinity":0,"b:15:4:15:24:15:24:15:Infinity":1,"s:19:2:25:Infinity":1,"b:21:49:21:59:21:59:21:76":2,"b:22:48:22:74:22:74:22:Infinity":3,"b:23:21:23:32:23:32:23:Infinity":4,"b:23:40:23:48:23:48:23:Infinity":5},"fnNames":{}}}
,"/home/claude/calculator-app/frontend/src/components/History.css": {"path":"/home/claude/calculator-app/frontend/src/components/History.css","statementMap":{},"fnMap":{},"branchMap":{},"s":{},"f":{},"b":{},"meta":{"lastBranch":0,"lastFunction":0,"lastStatement":0,"seen":{},"fnNames":{}}}
,"/home/claude/calculator-app/frontend/src/components/History.tsx": {"path":"/home/claude/calculator-app/frontend/src/components/History.tsx","statementMap":{"0":{"start":{"line":9,"column":2},"end":{"line":15,"column":null}},"1":{"start":{"line":10,"column":4},"end":{"line":13,"column":null}},"2":{"start":{"line":17,"column":2},"end":{"line":25,"column":null}},"3":{"start":{"line":20,"column":8},"end":{"line":23,"column":null}}},"fnMap":{"0":{"name":"History","decl":{"start":{"line":8,"column":16},"end":{"line":8,"column":24}},"loc":{"start":{"line":8,"column":51},"end":{"line":27,"column":null}},"line":8},"1":{"name":"(anonymous_1)","decl":{"start":{"line":19,"column":15},"end":{"line":19,"column":20}},"loc":{"start":{"line":20,"column":8},"end":{"line":23,"column":null}},"line":20}},"branchMap":{"0":{"loc":{"start":{"line":9,"column":2},"end":{"line":15,"column":null}},"type":"if","locations":[{"start":{"line":9,"column":2},"end":{"line":15,"column":null}},{"start":{},"end":{}}],"line":9}},"s":{"0":16,"1":15,"2":1,"3":1},"f":{"0":16,"1":1},"b":{"0":[15,1]},"meta":{"lastBranch":1,"lastFunction":2,"lastStatement":4,"seen":{"f:8:16:8:24":0,"b:9:2:15:Infinity:undefined:undefined:undefined:undefined":0,"s:9:2:15:Infinity":0,"s:10:4:13:Infinity":1,"s:17:2:25:Infinity":2,"f:19:15:19:20":1,"s:20:8:23:Infinity":3},"fnNames":{}}}
,"/home/claude/calculator-app/frontend/src/hooks/useCalculator.ts": {"path":"/home/claude/calculator-app/frontend/src/hooks/useCalculator.ts","statementMap":{"0":{"start":{"line":22,"column":19},"end":{"line":22,"column":null}},"1":{"start":{"line":24,"column":38},"end":{"line":32,"column":null}},"2":{"start":{"line":35,"column":60},"end":{"line":43,"column":null}},"3":{"start":{"line":52,"column":28},"end":{"line":52,"column":null}},"4":{"start":{"line":53,"column":23},"end":{"line":53,"column":null}},"5":{"start":{"line":55,"column":21},"end":{"line":70,"column":null}},"6":{"start":{"line":56,"column":4},"end":{"line":69,"column":null}},"7":{"start":{"line":57,"column":6},"end":{"line":57,"column":null}},"8":{"start":{"line":57,"column":22},"end":{"line":57,"column":null}},"9":{"start":{"line":59,"column":6},"end":{"line":61,"column":null}},"10":{"start":{"line":60,"column":8},"end":{"line":60,"column":null}},"11":{"start":{"line":62,"column":6},"end":{"line":64,"column":null}},"12":{"start":{"line":63,"column":8},"end":{"line":63,"column":null}},"13":{"start":{"line":65,"column":6},"end":{"line":67,"column":null}},"14":{"start":{"line":66,"column":8},"end":{"line":66,"column":null}},"15":{"start":{"line":68,"column":6},"end":{"line":68,"column":null}},"16":{"start":{"line":72,"column":23},"end":{"line":81,"column":null}},"17":{"start":{"line":73,"column":4},"end":{"line":80,"column":null}},"18":{"start":{"line":74,"column":6},"end":{"line":74,"column":null}},"19":{"start":{"line":74,"column":22},"end":{"line":74,"column":null}},"20":{"start":{"line":75,"column":6},"end":{"line":77,"column":null}},"21":{"start":{"line":76,"column":8},"end":{"line":76,"column":null}},"22":{"start":{"line":78,"column":6},"end":{"line":78,"column":null}},"23":{"start":{"line":78,"column":38},"end":{"line":78,"column":null}},"24":{"start":{"line":79,"column":6},"end":{"line":79,"column":null}},"25":{"start":{"line":83,"column":25},"end":{"line":89,"column":null}},"26":{"start":{"line":84,"column":4},"end":{"line":88,"column":null}},"27":{"start":{"line":85,"column":6},"end":{"line":85,"column":null}},"28":{"start":{"line":85,"column":49},"end":{"line":85,"column":null}},"29":{"start":{"line":86,"column":19},"end":{"line":86,"column":null}},"30":{"start":{"line":87,"column":6},"end":{"line":87,"column":null}},"31":{"start":{"line":91,"column":26},"end":{"line":99,"column":null}},"32":{"start":{"line":92,"column":4},"end":{"line":98,"column":null}},"33":{"start":{"line":93,"column":6},"end":{"line":93,"column":null}},"34":{"start":{"line":93,"column":46},"end":{"line":93,"column":null}},"35":{"start":{"line":94,"column":6},"end":{"line":97,"column":null}},"36":{"start":{"line":101,"column":21},"end":{"line":103,"column":null}},"37":{"start":{"line":102,"column":4},"end":{"line":102,"column":null}},"38":{"start":{"line":107,"column":25},"end":{"line":144,"column":null}},"39":{"start":{"line":114,"column":6},"end":{"line":114,"column":null}},"40":{"start":{"line":114,"column":26},"end":{"line":114,"column":55}},"41":{"start":{"line":115,"column":6},"end":{"line":141,"column":null}},"42":{"start":{"line":116,"column":25},"end":{"line":116,"column":null}},"43":{"start":{"line":117,"column":26},"end":{"line":117,"column":null}},"44":{"start":{"line":118,"column":8},"end":{"line":118,"column":null}},"45":{"start":{"line":119,"column":8},"end":{"line":128,"column":null}},"46":{"start":{"line":119,"column":28},"end":{"line":128,"column":10}},"47":{"start":{"line":129,"column":8},"end":{"line":129,"column":null}},"48":{"start":{"line":131,"column":24},"end":{"line":131,"column":null}},"49":{"start":{"line":132,"column":8},"end":{"line":139,"column":null}},"50":{"start":{"line":132,"column":28},"end":{"line":139,"column":10}},"51":{"start":{"line":140,"column":8},"end":{"line":140,"column":null}},"52":{"start":{"line":146,"column":24},"end":{"line":183,"column":null}},"53":{"start":{"line":148,"column":6},"end":{"line":148,"column":null}},"54":{"start":{"line":148,"column":23},"end":{"line":148,"column":null}},"55":{"start":{"line":149,"column":27},"end":{"line":149,"column":null}},"56":{"start":{"line":151,"column":6},"end":{"line":173,"column":null}},"57":{"start":{"line":155,"column":18},"end":{"line":155,"column":null}},"58":{"start":{"line":156,"column":23},"end":{"line":156,"column":null}},"59":{"start":{"line":157,"column":8},"end":{"line":171,"column":null}},"60":{"start":{"line":163,"column":10},"end":{"line":170,"column":null}},"61":{"start":{"line":164,"column":12},"end":{"line":169,"column":null}},"62":{"start":{"line":164,"column":32},"end":{"line":169,"column":14}},"63":{"start":{"line":172,"column":8},"end":{"line":172,"column":null}},"64":{"start":{"line":175,"column":6},"end":{"line":180,"column":null}},"65":{"start":{"line":175,"column":26},"end":{"line":180,"column":8}},"66":{"start":{"line":185,"column":20},"end":{"line":189,"column":null}},"67":{"start":{"line":186,"column":4},"end":{"line":186,"column":null}},"68":{"start":{"line":186,"column":21},"end":{"line":186,"column":null}},"69":{"start":{"line":187,"column":14},"end":{"line":187,"column":null}},"70":{"start":{"line":188,"column":4},"end":{"line":188,"column":null}},"71":{"start":{"line":191,"column":22},"end":{"line":214,"column":null}},"72":{"start":{"line":192,"column":4},"end":{"line":192,"column":null}},"73":{"start":{"line":192,"column":21},"end":{"line":192,"column":null}},"74":{"start":{"line":193,"column":4},"end":{"line":193,"column":null}},"75":{"start":{"line":193,"column":72},"end":{"line":193,"column":null}},"76":{"start":{"line":195,"column":14},"end":{"line":195,"column":null}},"77":{"start":{"line":196,"column":14},"end":{"line":196,"column":null}},"78":{"start":{"line":197,"column":19},"end":{"line":197,"column":null}},"79":{"start":{"line":199,"column":4},"end":{"line":213,"column":null}},"80":{"start":{"line":205,"column":6},"end":{"line":212,"column":null}},"81":{"start":{"line":206,"column":8},"end":{"line":211,"column":null}},"82":{"start":{"line":206,"column":28},"end":{"line":211,"column":10}},"83":{"start":{"line":216,"column":2},"end":{"line":226,"column":null}}},"fnMap":{"0":{"name":"useCalculator","decl":{"start":{"line":51,"column":16},"end":{"line":51,"column":32}},"loc":{"start":{"line":51,"column":32},"end":{"line":227,"column":null}},"line":51},"1":{"name":"(anonymous_1)","decl":{"start":{"line":55,"column":21},"end":{"line":55,"column":34}},"loc":{"start":{"line":55,"column":52},"end":{"line":70,"column":5}},"line":55},"2":{"name":"(anonymous_2)","decl":{"start":{"line":56,"column":4},"end":{"line":56,"column":14}},"loc":{"start":{"line":56,"column":23},"end":{"line":69,"column":5}},"line":56},"3":{"name":"(anonymous_3)","decl":{"start":{"line":72,"column":23},"end":{"line":72,"column":41}},"loc":{"start":{"line":72,"column":41},"end":{"line":81,"column":5}},"line":72},"4":{"name":"(anonymous_4)","decl":{"start":{"line":73,"column":4},"end":{"line":73,"column":14}},"loc":{"start":{"line":73,"column":23},"end":{"line":80,"column":5}},"line":73},"5":{"name":"(anonymous_5)","decl":{"start":{"line":83,"column":25},"end":{"line":83,"column":43}},"loc":{"start":{"line":83,"column":43},"end":{"line":89,"column":5}},"line":83},"6":{"name":"(anonymous_6)","decl":{"start":{"line":84,"column":4},"end":{"line":84,"column":14}},"loc":{"start":{"line":84,"column":23},"end":{"line":88,"column":5}},"line":84},"7":{"name":"(anonymous_7)","decl":{"start":{"line":91,"column":26},"end":{"line":91,"column":44}},"loc":{"start":{"line":91,"column":44},"end":{"line":99,"column":5}},"line":91},"8":{"name":"(anonymous_8)","decl":{"start":{"line":92,"column":4},"end":{"line":92,"column":14}},"loc":{"start":{"line":92,"column":23},"end":{"line":98,"column":5}},"line":92},"9":{"name":"(anonymous_9)","decl":{"start":{"line":101,"column":21},"end":{"line":101,"column":39}},"loc":{"start":{"line":101,"column":39},"end":{"line":103,"column":5}},"line":101},"10":{"name":"(anonymous_10)","decl":{"start":{"line":108,"column":4},"end":{"line":108,"column":null}},"loc":{"start":{"line":113,"column":33},"end":{"line":142,"column":null}},"line":113},"11":{"name":"(anonymous_11)","decl":{"start":{"line":114,"column":6},"end":{"line":114,"column":16}},"loc":{"start":{"line":114,"column":26},"end":{"line":114,"column":55}},"line":114},"12":{"name":"(anonymous_12)","decl":{"start":{"line":119,"column":8},"end":{"line":119,"column":18}},"loc":{"start":{"line":119,"column":28},"end":{"line":128,"column":10}},"line":119},"13":{"name":"(anonymous_13)","decl":{"start":{"line":132,"column":8},"end":{"line":132,"column":18}},"loc":{"start":{"line":132,"column":28},"end":{"line":139,"column":10}},"line":132},"14":{"name":"(anonymous_14)","decl":{"start":{"line":146,"column":24},"end":{"line":146,"column":null}},"loc":{"start":{"line":147,"column":30},"end":{"line":181,"column":null}},"line":147},"15":{"name":"(anonymous_15)","decl":{"start":{"line":162,"column":10},"end":{"line":162,"column":16}},"loc":{"start":{"line":162,"column":27},"end":{"line":171,"column":9}},"line":162},"16":{"name":"(anonymous_16)","decl":{"start":{"line":164,"column":12},"end":{"line":164,"column":22}},"loc":{"start":{"line":164,"column":32},"end":{"line":169,"column":14}},"line":164},"17":{"name":"(anonymous_17)","decl":{"start":{"line":175,"column":6},"end":{"line":175,"column":16}},"loc":{"start":{"line":175,"column":26},"end":{"line":180,"column":8}},"line":175},"18":{"name":"(anonymous_18)","decl":{"start":{"line":185,"column":20},"end":{"line":185,"column":38}},"loc":{"start":{"line":185,"column":38},"end":{"line":189,"column":5}},"line":185},"19":{"name":"(anonymous_19)","decl":{"start":{"line":191,"column":22},"end":{"line":191,"column":40}},"loc":{"start":{"line":191,"column":40},"end":{"line":214,"column":5}},"line":191},"20":{"name":"(anonymous_20)","decl":{"start":{"line":204,"column":6},"end":{"line":204,"column":12}},"loc":{"start":{"line":204,"column":23},"end":{"line":213,"column":5}},"line":204},"21":{"name":"(anonymous_21)","decl":{"start":{"line":206,"column":8},"end":{"line":206,"column":18}},"loc":{"start":{"line":206,"column":28},"end":{"line":211,"column":10}},"line":206}},"branchMap":{"0":{"loc":{"start":{"line":57,"column":6},"end":{"line":57,"column":null}},"type":"if","locations":[{"start":{"line":57,"column":6},"end":{"line":57,"column":null}},{"start":{},"end":{}}],"line":57},"1":{"loc":{"start":{"line":59,"column":6},"end":{"line":61,"column":null}},"type":"if","locations":[{"start":{"line":59,"column":6},"end":{"line":61,"column":null}},{"start":{},"end":{}}],"line":59},"2":{"loc":{"start":{"line":62,"column":6},"end":{"line":64,"column":null}},"type":"if","locations":[{"start":{"line":62,"column":6},"end":{"line":64,"column":null}},{"start":{},"end":{}}],"line":62},"3":{"loc":{"start":{"line":65,"column":6},"end":{"line":67,"column":null}},"type":"if","locations":[{"start":{"line":65,"column":6},"end":{"line":67,"column":null}},{"start":{},"end":{}}],"line":65},"4":{"loc":{"start":{"line":74,"column":6},"end":{"line":74,"column":null}},"type":"if","locations":[{"start":{"line":74,"column":6},"end":{"line":74,"column":null}},{"start":{},"end":{}}],"line":74},"5":{"loc":{"start":{"line":75,"column":6},"end":{"line":77,"column":null}},"type":"if","locations":[{"start":{"line":75,"column":6},"end":{"line":77,"column":null}},{"start":{},"end":{}}],"line":75},"6":{"loc":{"start":{"line":78,"column":6},"end":{"line":78,"column":null}},"type":"if","locations":[{"start":{"line":78,"column":6},"end":{"line":78,"column":null}},{"start":{},"end":{}}],"line":78},"7":{"loc":{"start":{"line":85,"column":6},"end":{"line":85,"column":null}},"type":"if","locations":[{"start":{"line":85,"column":6},"end":{"line":85,"column":null}},{"start":{},"end":{}}],"line":85},"8":{"loc":{"start":{"line":85,"column":10},"end":{"line":85,"column":49}},"type":"binary-expr","locations":[{"start":{"line":85,"column":10},"end":{"line":85,"column":24}},{"start":{"line":85,"column":24},"end":{"line":85,"column":49}}],"line":85},"9":{"loc":{"start":{"line":87,"column":33},"end":{"line":87,"column":74}},"type":"cond-expr","locations":[{"start":{"line":87,"column":63},"end":{"line":87,"column":69}},{"start":{"line":87,"column":69},"end":{"line":87,"column":74}}],"line":87},"10":{"loc":{"start":{"line":87,"column":33},"end":{"line":87,"column":63}},"type":"binary-expr","locations":[{"start":{"line":87,"column":33},"end":{"line":87,"column":48}},{"start":{"line":87,"column":48},"end":{"line":87,"column":63}}],"line":87},"11":{"loc":{"start":{"line":93,"column":6},"end":{"line":93,"column":null}},"type":"if","locations":[{"start":{"line":93,"column":6},"end":{"line":93,"column":null}},{"start":{},"end":{}}],"line":93},"12":{"loc":{"start":{"line":93,"column":10},"end":{"line":93,"column":46}},"type":"binary-expr","locations":[{"start":{"line":93,"column":10},"end":{"line":93,"column":24}},{"start":{"line":93,"column":24},"end":{"line":93,"column":46}}],"line":93},"13":{"loc":{"start":{"line":96,"column":17},"end":{"line":96,"column":null}},"type":"cond-expr","locations":[{"start":{"line":96,"column":48},"end":{"line":96,"column":72}},{"start":{"line":96,"column":72},"end":{"line":96,"column":null}}],"line":96},"14":{"loc":{"start":{"line":131,"column":24},"end":{"line":131,"column":null}},"type":"cond-expr","locations":[{"start":{"line":131,"column":50},"end":{"line":131,"column":64}},{"start":{"line":131,"column":64},"end":{"line":131,"column":null}}],"line":131},"15":{"loc":{"start":{"line":148,"column":6},"end":{"line":148,"column":null}},"type":"if","locations":[{"start":{"line":148,"column":6},"end":{"line":148,"column":null}},{"start":{},"end":{}}],"line":148},"16":{"loc":{"start":{"line":151,"column":6},"end":{"line":173,"column":null}},"type":"if","locations":[{"start":{"line":151,"column":6},"end":{"line":173,"column":null}},{"start":{},"end":{}}],"line":151},"17":{"loc":{"start":{"line":151,"column":10},"end":{"line":151,"column":72}},"type":"binary-expr","locations":[{"start":{"line":151,"column":10},"end":{"line":151,"column":45}},{"start":{"line":151,"column":45},"end":{"line":151,"column":72}}],"line":151},"18":{"loc":{"start":{"line":163,"column":10},"end":{"line":170,"column":null}},"type":"if","locations":[{"start":{"line":163,"column":10},"end":{"line":170,"column":null}},{"start":{},"end":{}}],"line":163},"19":{"loc":{"start":{"line":186,"column":4},"end":{"line":186,"column":null}},"type":"if","locations":[{"start":{"line":186,"column":4},"end":{"line":186,"column":null}},{"start":{},"end":{}}],"line":186},"20":{"loc":{"start":{"line":192,"column":4},"end":{"line":192,"column":null}},"type":"if","locations":[{"start":{"line":192,"column":4},"end":{"line":192,"column":null}},{"start":{},"end":{}}],"line":192},"21":{"loc":{"start":{"line":193,"column":4},"end":{"line":193,"column":null}},"type":"if","locations":[{"start":{"line":193,"column":4},"end":{"line":193,"column":null}},{"start":{},"end":{}}],"line":193},"22":{"loc":{"start":{"line":193,"column":8},"end":{"line":193,"column":72}},"type":"binary-expr","locations":[{"start":{"line":193,"column":8},"end":{"line":193,"column":43}},{"start":{"line":193,"column":43},"end":{"line":193,"column":72}}],"line":193},"23":{"loc":{"start":{"line":205,"column":6},"end":{"line":212,"column":null}},"type":"if","locations":[{"start":{"line":205,"column":6},"end":{"line":212,"column":null}},{"start":{},"end":{}}],"line":205}},"s":{"0":2,"1":2,"2":2,"3":68,"4":68,"5":68,"6":25,"7":25,"8":1,"9":24,"10":6,"11":18,"12":13,"13":5,"14":0,"15":5,"16":68,"17":2,"18":2,"19":0,"20":2,"21":0,"22":2,"23":1,"24":1,"25":68,"26":1,"27":1,"28":0,"29":1,"30":1,"31":68,"32":2,"33":2,"34":0,"35":2,"36":68,"37":3,"38":68,"39":7,"40":7,"41":7,"42":7,"43":5,"44":5,"45":5,"46":5,"47":5,"48":2,"49":2,"50":2,"51":2,"52":68,"53":7,"54":0,"55":7,"56":7,"57":1,"58":1,"59":1,"60":1,"61":1,"62":1,"63":1,"64":6,"65":6,"66":68,"67":1,"68":0,"69":1,"70":1,"71":68,"72":5,"73":0,"74":5,"75":0,"76":5,"77":5,"78":5,"79":5,"80":5,"81":3,"82":3,"83":68},"f":{"0":68,"1":25,"2":25,"3":2,"4":2,"5":1,"6":1,"7":2,"8":2,"9":3,"10":7,"11":7,"12":5,"13":2,"14":7,"15":1,"16":1,"17":6,"18":1,"19":5,"20":5,"21":3},"b":{"0":[1,24],"1":[6,18],"2":[13,5],"3":[0,5],"4":[0,2],"5":[0,2],"6":[1,1],"7":[0,1],"8":[1,1],"9":[0,1],"10":[1,1],"11":[0,2],"12":[2,2],"13":[1,1],"14":[2,0],"15":[0,7],"16":[1,6],"17":[7,1],"18":[1,0],"19":[0,1],"20":[0,5],"21":[0,5],"22":[5,5],"23":[3,2]},"meta":{"lastBranch":24,"lastFunction":22,"lastStatement":84,"seen":{"s:22:19:22:Infinity":0,"s:24:38:32:Infinity":1,"s:35:60:43:Infinity":2,"f:51:16:51:32":0,"s:52:28:52:Infinity":3,"s:53:23:53:Infinity":4,"s:55:21:70:Infinity":5,"f:55:21:55:34":1,"s:56:4:69:Infinity":6,"f:56:4:56:14":2,"b:57:6:57:Infinity:undefined:undefined:undefined:undefined":0,"s:57:6:57:Infinity":7,"s:57:22:57:Infinity":8,"b:59:6:61:Infinity:undefined:undefined:undefined:undefined":1,"s:59:6:61:Infinity":9,"s:60:8:60:Infinity":10,"b:62:6:64:Infinity:undefined:undefined:undefined:undefined":2,"s:62:6:64:Infinity":11,"s:63:8:63:Infinity":12,"b:65:6:67:Infinity:undefined:undefined:undefined:undefined":3,"s:65:6:67:Infinity":13,"s:66:8:66:Infinity":14,"s:68:6:68:Infinity":15,"s:72:23:81:Infinity":16,"f:72:23:72:41":3,"s:73:4:80:Infinity":17,"f:73:4:73:14":4,"b:74:6:74:Infinity:undefined:undefined:undefined:undefined":4,"s:74:6:74:Infinity":18,"s:74:22:74:Infinity":19,"b:75:6:77:Infinity:undefined:undefined:undefined:undefined":5,"s:75:6:77:Infinity":20,"s:76:8:76:Infinity":21,"b:78:6:78:Infinity:undefined:undefined:undefined:undefined":6,"s:78:6:78:Infinity":22,"s:78:38:78:Infinity":23,"s:79:6:79:Infinity":24,"s:83:25:89:Infinity":25,"f:83:25:83:43":5,"s:84:4:88:Infinity":26,"f:84:4:84:14":6,"b:85:6:85:Infinity:undefined:undefined:undefined:undefined":7,"s:85:6:85:Infinity":27,"b:85:10:85:24:85:24:85:49":8,"s:85:49:85:Infinity":28,"s:86:19:86:Infinity":29,"s:87:6:87:Infinity":30,"b:87:63:87:69:87:69:87:74":9,"b:87:33:87:48:87:48:87:63":10,"s:91:26:99:Infinity":31,"f:91:26:91:44":7,"s:92:4:98:Infinity":32,"f:92:4:92:14":8,"b:93:6:93:Infinity:undefined:undefined:undefined:undefined":11,"s:93:6:93:Infinity":33,"b:93:10:93:24:93:24:93:46":12,"s:93:46:93:Infinity":34,"s:94:6:97:Infinity":35,"b:96:48:96:72:96:72:96:Infinity":13,"s:101:21:103:Infinity":36,"f:101:21:101:39":9,"s:102:4:102:Infinity":37,"s:107:25:144:Infinity":38,"f:108:4:108:Infinity":10,"s:114:6:114:Infinity":39,"f:114:6:114:16":11,"s:114:26:114:55":40,"s:115:6:141:Infinity":41,"s:116:25:116:Infinity":42,"s:117:26:117:Infinity":43,"s:118:8:118:Infinity":44,"s:119:8:128:Infinity":45,"f:119:8:119:18":12,"s:119:28:128:10":46,"s:129:8:129:Infinity":47,"s:131:24:131:Infinity":48,"b:131:50:131:64:131:64:131:Infinity":14,"s:132:8:139:Infinity":49,"f:132:8:132:18":13,"s:132:28:139:10":50,"s:140:8:140:Infinity":51,"s:146:24:183:Infinity":52,"f:146:24:146:Infinity":14,"b:148:6:148:Infinity:undefined:undefined:undefined:undefined":15,"s:148:6:148:Infinity":53,"s:148:23:148:Infinity":54,"s:149:27:149:Infinity":55,"b:151:6:173:Infinity:undefined:undefined:undefined:undefined":16,"s:151:6:173:Infinity":56,"b:151:10:151:45:151:45:151:72":17,"s:155:18:155:Infinity":57,"s:156:23:156:Infinity":58,"s:157:8:171:Infinity":59,"f:162:10:162:16":15,"b:163:10:170:Infinity:undefined:undefined:undefined:undefined":18,"s:163:10:170:Infinity":60,"s:164:12:169:Infinity":61,"f:164:12:164:22":16,"s:164:32:169:14":62,"s:172:8:172:Infinity":63,"s:175:6:180:Infinity":64,"f:175:6:175:16":17,"s:175:26:180:8":65,"s:185:20:189:Infinity":66,"f:185:20:185:38":18,"b:186:4:186:Infinity:undefined:undefined:undefined:undefined":19,"s:186:4:186:Infinity":67,"s:186:21:186:Infinity":68,"s:187:14:187:Infinity":69,"s:188:4:188:Infinity":70,"s:191:22:214:Infinity":71,"f:191:22:191:40":19,"b:192:4:192:Infinity:undefined:undefined:undefined:undefined":20,"s:192:4:192:Infinity":72,"s:192:21:192:Infinity":73,"b:193:4:193:Infinity:undefined:undefined:undefined:undefined":21,"s:193:4:193:Infinity":74,"b:193:8:193:43:193:43:193:72":22,"s:193:72:193:Infinity":75,"s:195:14:195:Infinity":76,"s:196:14:196:Infinity":77,"s:197:19:197:Infinity":78,"s:199:4:213:Infinity":79,"f:204:6:204:12":20,"b:205:6:212:Infinity:undefined:undefined:undefined:undefined":23,"s:205:6:212:Infinity":80,"s:206:8:211:Infinity":81,"f:206:8:206:18":21,"s:206:28:211:10":82,"s:216:2:226:Infinity":83},"fnNames":{}}}
,"/home/claude/calculator-app/frontend/src/utils/formatNumber.ts": {"path":"/home/claude/calculator-app/frontend/src/utils/formatNumber.ts","statementMap":{"0":{"start":{"line":6,"column":2},"end":{"line":8,"column":null}},"1":{"start":{"line":7,"column":4},"end":{"line":7,"column":null}},"2":{"start":{"line":10,"column":10},"end":{"line":10,"column":null}},"3":{"start":{"line":11,"column":2},"end":{"line":13,"column":null}},"4":{"start":{"line":12,"column":4},"end":{"line":12,"column":null}},"5":{"start":{"line":19,"column":2},"end":{"line":21,"column":null}},"6":{"start":{"line":20,"column":4},"end":{"line":20,"column":null}},"7":{"start":{"line":25,"column":18},"end":{"line":25,"column":null}},"8":{"start":{"line":27,"column":2},"end":{"line":27,"column":null}}},"fnMap":{"0":{"name":"formatNumber","decl":{"start":{"line":5,"column":16},"end":{"line":5,"column":29}},"loc":{"start":{"line":5,"column":52},"end":{"line":28,"column":null}},"line":5}},"branchMap":{"0":{"loc":{"start":{"line":6,"column":2},"end":{"line":8,"column":null}},"type":"if","locations":[{"start":{"line":6,"column":2},"end":{"line":8,"column":null}},{"start":{},"end":{}}],"line":6},"1":{"loc":{"start":{"line":11,"column":2},"end":{"line":13,"column":null}},"type":"if","locations":[{"start":{"line":11,"column":2},"end":{"line":13,"column":null}},{"start":{},"end":{}}],"line":11},"2":{"loc":{"start":{"line":19,"column":2},"end":{"line":21,"column":null}},"type":"if","locations":[{"start":{"line":19,"column":2},"end":{"line":21,"column":null}},{"start":{},"end":{}}],"line":19},"3":{"loc":{"start":{"line":19,"column":6},"end":{"line":19,"column":62}},"type":"binary-expr","locations":[{"start":{"line":19,"column":6},"end":{"line":19,"column":18}},{"start":{"line":19,"column":18},"end":{"line":19,"column":41}},{"start":{"line":19,"column":41},"end":{"line":19,"column":62}}],"line":19}},"s":{"0":28,"1":3,"2":25,"3":25,"4":1,"5":25,"6":2,"7":23,"8":23},"f":{"0":28},"b":{"0":[3,25],"1":[1,24],"2":[2,23],"3":[25,21,20]},"meta":{"lastBranch":4,"lastFunction":1,"lastStatement":9,"seen":{"f:5:16:5:29":0,"b:6:2:8:Infinity:undefined:undefined:undefined:undefined":0,"s:6:2:8:Infinity":0,"s:7:4:7:Infinity":1,"s:10:10:10:Infinity":2,"b:11:2:13:Infinity:undefined:undefined:undefined:undefined":1,"s:11:2:13:Infinity":3,"s:12:4:12:Infinity":4,"b:19:2:21:Infinity:undefined:undefined:undefined:undefined":2,"s:19:2:21:Infinity":5,"b:19:6:19:18:19:18:19:41:19:41:19:62":3,"s:20:4:20:Infinity":6,"s:25:18:25:Infinity":7,"s:27:2:27:Infinity":8},"fnNames":{}}}
}
